<?xml version="1.0" encoding="UTF-8"?>
<!-- Generated by org.testng.reporters.JUnitReportReporter -->
<testsuite skipped="0" hostname="DESKTOP-CL7JG7J" name="testngpack.Annotations" tests="2" failures="0" timestamp="2022-08-26T12:59:38 IST" time="0.013" errors="0">
  <testcase name="M1" time="0.007" classname="testngpack.Annotations"/>
  <system-out>
    <![CDATA[test m1]]>
  </system-out>
  <testcase name="M2" time="0.006" classname="testngpack.Annotations"/>
  <system-out>
    <![CDATA[test m2]]>
  </system-out>
</testsuite> <!-- testngpack.Annotations -->
