<?xml version="1.0" encoding="UTF-8"?>
<!-- Generated by org.testng.reporters.JUnitReportReporter -->
<testsuite skipped="1" hostname="DESKTOP-CL7JG7J" name="testngpack.Flag2" tests="3" failures="0" timestamp="2022-08-26T12:59:38 IST" time="0.016" errors="0">
  <testcase name="method3" time="0.010" classname="testngpack.Flag2"/>
  <system-out>
    <![CDATA[actiTime creat report]]>
  </system-out>
  <testcase name="method2" time="0.006" classname="testngpack.Flag2"/>
  <system-out>
    <![CDATA[actiTime creat user]]>
  </system-out>
  <testcase name="method1" classname="testngpack.Flag2">
    <skipped/>
  </testcase> <!-- method1 -->
  <system-out/>
</testsuite> <!-- testngpack.Flag2 -->
