<?xml version="1.0" encoding="UTF-8"?>
<!-- Generated by org.testng.reporters.JUnitReportReporter -->
<testsuite skipped="0" hostname="DESKTOP-CL7JG7J" name="testngpack.Flag1" tests="2" failures="0" timestamp="2022-08-26T12:59:38 IST" time="0.019" errors="0">
  <testcase name="invalidActTimeTest" time="0.004" classname="testngpack.Flag1"/>
  <system-out>
    <![CDATA[valid loging is performed]]>
  </system-out>
  <testcase name="validActTimeTest" time="0.015" classname="testngpack.Flag1"/>
  <system-out>
    <![CDATA[valid login is performed]]>
  </system-out>
</testsuite> <!-- testngpack.Flag1 -->
