<?xml version="1.0" encoding="UTF-8"?>
<!-- Generated by org.testng.reporters.JUnitReportReporter -->
<testsuite skipped="0" hostname="DESKTOP-CL7JG7J" name="testngpack.GroupsFlag" tests="18" failures="0" timestamp="2022-08-26T12:59:38 IST" time="0.044" errors="0">
  <testcase name="FT1" time="0.002" classname="testngpack.GroupsFlag"/>
  <system-out>
    <![CDATA[Fuctional Testcase 1]]>
  </system-out>
  <testcase name="FT2" time="0.003" classname="testngpack.GroupsFlag"/>
  <system-out>
    <![CDATA[Fuctional Testcase 2]]>
  </system-out>
  <testcase name="FT4" time="0.001" classname="testngpack.GroupsFlag"/>
  <system-out>
    <![CDATA[Fuctional Testcase 4]]>
  </system-out>
  <testcase name="IT2" time="0.002" classname="testngpack.GroupsFlag"/>
  <system-out>
    <![CDATA[Intigration Testcase 2]]>
  </system-out>
  <testcase name="IT5" time="0.001" classname="testngpack.GroupsFlag"/>
  <system-out>
    <![CDATA[Intigration Test case 5]]>
  </system-out>
  <testcase name="FT6" time="0.003" classname="testngpack.GroupsFlag"/>
  <system-out>
    <![CDATA[Fuctional Test case 6]]>
  </system-out>
  <testcase name="IT6" time="0.001" classname="testngpack.GroupsFlag"/>
  <system-out>
    <![CDATA[Intigration Test case 6]]>
  </system-out>
  <testcase name="ST5" time="0.006" classname="testngpack.GroupsFlag"/>
  <system-out>
    <![CDATA[Fuctional Test case 5]]>
  </system-out>
  <testcase name="IT4" time="0.001" classname="testngpack.GroupsFlag"/>
  <system-out>
    <![CDATA[Intigration Testcase 4]]>
  </system-out>
  <testcase name="IT1" time="0.002" classname="testngpack.GroupsFlag"/>
  <system-out>
    <![CDATA[Intigration Testcase 1]]>
  </system-out>
  <testcase name="FT5" time="0.002" classname="testngpack.GroupsFlag"/>
  <system-out>
    <![CDATA[Fuctional Test case 5]]>
  </system-out>
  <testcase name="FT3" time="0.001" classname="testngpack.GroupsFlag"/>
  <system-out>
    <![CDATA[Fuctional Testcase 3]]>
  </system-out>
  <testcase name="ST6" time="0.007" classname="testngpack.GroupsFlag"/>
  <system-out>
    <![CDATA[Fuctional Test case 6]]>
  </system-out>
  <testcase name="ST3" time="0.002" classname="testngpack.GroupsFlag"/>
  <system-out>
    <![CDATA[Fuctional Testcase 3]]>
  </system-out>
  <testcase name="ST1" time="0.005" classname="testngpack.GroupsFlag"/>
  <system-out>
    <![CDATA[Fuctional Testcase 1]]>
  </system-out>
  <testcase name="ST4" time="0.002" classname="testngpack.GroupsFlag"/>
  <system-out>
    <![CDATA[Fuctional Testcase 4]]>
  </system-out>
  <testcase name="IT3" time="0.002" classname="testngpack.GroupsFlag"/>
  <system-out>
    <![CDATA[Intigration Testcase 3]]>
  </system-out>
  <testcase name="ST2" time="0.001" classname="testngpack.GroupsFlag"/>
  <system-out>
    <![CDATA[Fuctional Testcase 2]]>
  </system-out>
</testsuite> <!-- testngpack.GroupsFlag -->
