<?xml version="1.0" encoding="UTF-8"?>
<!-- Generated by org.testng.reporters.JUnitReportReporter -->
<testsuite skipped="0" hostname="DESKTOP-CL7JG7J" name="testngpack.Flag3" tests="9" failures="0" timestamp="2022-08-26T12:59:38 IST" time="0.030" errors="0">
  <testcase name="f" time="0.002" classname="testngpack.Flag3"/>
  <system-out>
    <![CDATA[f mrthod]]>
  </system-out>
  <testcase name="i" time="0.001" classname="testngpack.Flag3"/>
  <system-out>
    <![CDATA[i mrthod]]>
  </system-out>
  <testcase name="b" time="0.008" classname="testngpack.Flag3"/>
  <system-out>
    <![CDATA[b mrthod]]>
  </system-out>
  <testcase name="d" time="0.003" classname="testngpack.Flag3"/>
  <system-out>
    <![CDATA[d mrthod]]>
  </system-out>
  <testcase name="h" time="0.002" classname="testngpack.Flag3"/>
  <system-out>
    <![CDATA[h mrthod]]>
  </system-out>
  <testcase name="g" time="0.003" classname="testngpack.Flag3"/>
  <system-out>
    <![CDATA[g mrthod]]>
  </system-out>
  <testcase name="e" time="0.003" classname="testngpack.Flag3"/>
  <system-out>
    <![CDATA[e mrthod]]>
  </system-out>
  <testcase name="c" time="0.003" classname="testngpack.Flag3"/>
  <system-out>
    <![CDATA[c mrthod]]>
  </system-out>
  <testcase name="a" time="0.005" classname="testngpack.Flag3"/>
  <system-out>
    <![CDATA[a mrthod]]>
  </system-out>
</testsuite> <!-- testngpack.Flag3 -->
